<?xml version="1.0" encoding="UTF-8"?>
<!-- Generated by org.testng.reporters.JUnitReportReporter -->
<testsuite hostname="LAPTOP-PQQ39MI4" failures="0" tests="1" name="Pack2.TestCase2" time="33.809" errors="0" timestamp="2023-06-23T12:03:50 IST" skipped="0">
  <testcase classname="Pack2.TestCase2" name="script" time="33.809"/>
  <system-out/>
</testsuite> <!-- Pack2.TestCase2 -->
